<?xml version="1.0" encoding="UTF-8"?>
<!-- Generated by org.testng.reporters.JUnitXMLReporter -->
<testsuite ignored="1" hostname="LAPTOP-LFOGEP19" failures="0" tests="5" name="Default test" time="11.44" errors="0" timestamp="2023-04-26T10:02:36 CDT">
  <testcase classname="tests_API_Poorna.LoginTest_API_Poorna" name="login_Tc_01" time="2.192"/>
  <testcase classname="tests_API_Poorna.LoginTest_API_Poorna" name="delete_Data" time="0.337"/>
  <testcase classname="tests_API_Poorna.LoginTest_API_Poorna" name="logout" time="8.352"/>
  <testcase classname="tests_API_Poorna.LoginTest_API_Poorna" name="AddDataTC_02" time="0.284"/>
  <testcase classname="tests_API_Poorna.LoginTest_API_Poorna" name="update_Data_TC03" time="0.243"/>
  <testcase classname="tests_API_Poorna.LoginTest_API_Poorna" name="getDataTC04" time="0.0">
    <ignored/>
  </testcase> <!-- getDataTC04 -->
</testsuite> <!-- Default test -->
