<?xml version="1.0" encoding="UTF-8"?>
<!-- Generated by org.testng.reporters.JUnitXMLReporter -->
<testsuite ignored="0" hostname="LAPTOP-LFOGEP19" failures="0" tests="4" name="Default test" time="13.838" errors="0" timestamp="2023-04-25T22:22:20 CDT">
  <testcase classname="tests_API_Poorna.LoginTest_API_Poorna" name="login_Tc_01" time="3.181"/>
  <testcase classname="tests_API_Poorna.LoginTest_API_Poorna" name="AddDataTC_02" time="2.115"/>
  <testcase classname="tests_API_Poorna.LoginTest_API_Poorna" name="getDataTC04" time="6.245"/>
  <testcase classname="tests_API_Poorna.LoginTest_API_Poorna" name="update_Data_TC03" time="2.249"/>
</testsuite> <!-- Default test -->
