<?xml version="1.0" encoding="UTF-8"?>
<testng-results ignored="1" total="6" passed="5" failed="0" skipped="0">
  <reporter-output>
  </reporter-output>
  <suite started-at="2023-04-26T10:02:25 CDT" name="Default suite" finished-at="2023-04-26T10:02:36 CDT" duration-ms="11440">
    <groups>
    </groups>
    <test started-at="2023-04-26T10:02:25 CDT" name="Default test" finished-at="2023-04-26T10:02:36 CDT" duration-ms="11440">
      <class name="tests_API_Poorna.LoginTest_API_Poorna">
        <test-method is-config="true" signature="setUp()[pri:0, instance:tests_API_Poorna.LoginTest_API_Poorna@675d8c96]" started-at="2023-04-26T10:02:25 CDT" name="setUp" finished-at="2023-04-26T10:02:25 CDT" duration-ms="8" status="PASS">
          <reporter-output>
          </reporter-output>
        </test-method> <!-- setUp -->
        <test-method signature="login_Tc_01()[pri:0, instance:tests_API_Poorna.LoginTest_API_Poorna@675d8c96]" started-at="2023-04-26T10:02:25 CDT" name="login_Tc_01" finished-at="2023-04-26T10:02:27 CDT" duration-ms="2192" status="PASS">
          <reporter-output>
          </reporter-output>
        </test-method> <!-- login_Tc_01 -->
        <test-method signature="delete_Data()[pri:0, instance:tests_API_Poorna.LoginTest_API_Poorna@675d8c96]" started-at="2023-04-26T10:02:27 CDT" name="delete_Data" finished-at="2023-04-26T10:02:27 CDT" duration-ms="337" status="PASS">
          <reporter-output>
          </reporter-output>
        </test-method> <!-- delete_Data -->
        <test-method signature="logout()[pri:0, instance:tests_API_Poorna.LoginTest_API_Poorna@675d8c96]" started-at="2023-04-26T10:02:27 CDT" name="logout" finished-at="2023-04-26T10:02:35 CDT" duration-ms="8352" status="PASS">
          <reporter-output>
          </reporter-output>
        </test-method> <!-- logout -->
        <test-method signature="AddDataTC_02()[pri:0, instance:tests_API_Poorna.LoginTest_API_Poorna@675d8c96]" started-at="2023-04-26T10:02:35 CDT" name="AddDataTC_02" finished-at="2023-04-26T10:02:36 CDT" depends-on-methods="tests_API_Poorna.LoginTest_API_Poorna.login_Tc_01" duration-ms="284" status="PASS">
          <reporter-output>
          </reporter-output>
        </test-method> <!-- AddDataTC_02 -->
        <test-method signature="update_Data_TC03()[pri:0, instance:tests_API_Poorna.LoginTest_API_Poorna@675d8c96]" started-at="2023-04-26T10:02:36 CDT" name="update_Data_TC03" finished-at="2023-04-26T10:02:36 CDT" depends-on-methods="tests_API_Poorna.LoginTest_API_Poorna.AddDataTC_02" duration-ms="243" status="PASS">
          <reporter-output>
          </reporter-output>
        </test-method> <!-- update_Data_TC03 -->
      </class> <!-- tests_API_Poorna.LoginTest_API_Poorna -->
    </test> <!-- Default test -->
  </suite> <!-- Default suite -->
</testng-results>
