<?xml version="1.0" encoding="UTF-8"?>
<testng-results ignored="0" total="4" passed="4" failed="0" skipped="0">
  <reporter-output>
  </reporter-output>
  <suite started-at="2023-04-25T22:22:06 CDT" name="Default suite" finished-at="2023-04-25T22:22:20 CDT" duration-ms="13838">
    <groups>
    </groups>
    <test started-at="2023-04-25T22:22:06 CDT" name="Default test" finished-at="2023-04-25T22:22:20 CDT" duration-ms="13838">
      <class name="tests_API_Poorna.LoginTest_API_Poorna">
        <test-method is-config="true" signature="setUp()[pri:0, instance:tests_API_Poorna.LoginTest_API_Poorna@62e70ea3]" started-at="2023-04-25T22:22:06 CDT" name="setUp" finished-at="2023-04-25T22:22:06 CDT" duration-ms="15" status="PASS">
          <reporter-output>
          </reporter-output>
        </test-method> <!-- setUp -->
        <test-method signature="login_Tc_01()[pri:0, instance:tests_API_Poorna.LoginTest_API_Poorna@62e70ea3]" started-at="2023-04-25T22:22:06 CDT" name="login_Tc_01" finished-at="2023-04-25T22:22:09 CDT" duration-ms="3181" status="PASS">
          <reporter-output>
          </reporter-output>
        </test-method> <!-- login_Tc_01 -->
        <test-method signature="AddDataTC_02()[pri:0, instance:tests_API_Poorna.LoginTest_API_Poorna@62e70ea3]" started-at="2023-04-25T22:22:09 CDT" name="AddDataTC_02" finished-at="2023-04-25T22:22:12 CDT" depends-on-methods="tests_API_Poorna.LoginTest_API_Poorna.login_Tc_01" duration-ms="2115" status="PASS">
          <reporter-output>
          </reporter-output>
        </test-method> <!-- AddDataTC_02 -->
        <test-method signature="getDataTC04()[pri:0, instance:tests_API_Poorna.LoginTest_API_Poorna@62e70ea3]" started-at="2023-04-25T22:22:12 CDT" name="getDataTC04" finished-at="2023-04-25T22:22:18 CDT" depends-on-methods="tests_API_Poorna.LoginTest_API_Poorna.AddDataTC_02" duration-ms="6245" status="PASS">
          <reporter-output>
          </reporter-output>
        </test-method> <!-- getDataTC04 -->
        <test-method signature="update_Data_TC03()[pri:0, instance:tests_API_Poorna.LoginTest_API_Poorna@62e70ea3]" started-at="2023-04-25T22:22:18 CDT" name="update_Data_TC03" finished-at="2023-04-25T22:22:20 CDT" depends-on-methods="tests_API_Poorna.LoginTest_API_Poorna.AddDataTC_02" duration-ms="2249" status="PASS">
          <reporter-output>
          </reporter-output>
        </test-method> <!-- update_Data_TC03 -->
      </class> <!-- tests_API_Poorna.LoginTest_API_Poorna -->
    </test> <!-- Default test -->
  </suite> <!-- Default suite -->
</testng-results>
